z
zzzzzzzzzzzzzzzzzzzz
4
1
q
2
qq
1
nfmk
105584415
484588585
a
hvxbxbx
264485676
264485677
1
cmicjiv
cvgccmd
atodjso
didzjdy
1812158120
880268352
beshyhn
oilcad
220137367
1089957933
bhfboej
cvqgeje
68706224
qwdebq
964776170
deoaldl
1426542625
cafmhqw
fkwabem
659998485
ekmxizn
eoncypi
142750432
98560398
ctnkfvp
cdsewtu
1876268426
398844031
1370429127
ceploqq
1363674761
czyaao
gcgjvi
exwpkwl
1518954510
683337406
1843654050
951656720
ejmmgjq
rkroxn
41654185
35222246
1505099307
dfvxwue
292425666
589638739
cmlpnce
1444887338
131636657
1211082012
ruunhk
awxmzbe
ectvnlz
bdgrocg
1201886572
86000815
761170565
bikqtxr
ebqsxtt
1287998488
659169188
145324180
etceiqq
mxcnj
1559931135
11243548
bfvgloq
firomtb
1928854727
cqnwznz
aqxaaax
71339239
dxjcbdv
1484742721
533958747
80815711
bxwesej
2583104
fietlmk
1700375106
bgkfkek
fjhjqkz
442727411
avqxwcu
cozqnog
amrpzup
iqelcb
abmctjh
1749675387
1114316401
blyisur
54969875
fhrsnnc
553189269
qolbfs
1675026724
333349107
1783003131
1987818733
1130818032
1692667890
56970999
1902498499
ntfxgfuw
uvvxvhnu
405817424
473370495
484106542
fghhiufa
qthkwwkz
tvvwkuto
qqfqouik
ifikxahn
hnikzvkk
uwakoawt
72246718
1624635615
1720610208
1665910752
1307305165
1318421548
1827062210
121306603
ufzifgxw
hozfoawf
uxkftivk
1267832398
guuivuio
anvtatkg
tqtvxhzf
633050575
1335978952
140048961
uixfghaq
38737774
gkutiaof
1670439385
255645544
huqvhwax
qtgzoiug
49881454
21440085
qknawqzf
hixwzzxv
vqvqzgan
ivuzfua
onqaouga
1467953025
qiaouifu
1141739069
1833505608
ktzktxvz
608299665
232536875
974992225
fwoawaha
oukftuxt
1602401649
1781764934
1623087674
1974906029
585930335
478708941
498155667
339158306
fiuozghi
kvvnukgx
787804195
1143796452
kovkiaan
uqqqukxq
fwahthwa
1852116699
1107954340
1998122587
1329459899
1355995713
1280445872
1608243281
834964702
67375378
1742150049
1948835943
94652128
1896312193
1203842474
560687253
ownnztn
413322665
1176501867
352018130
989189222
818325591
25258571
1656426186
anxzzzgv
nuogtkaf
fzkuwhnw
1420493989
1351262637
111562991
dhpddplw
afhwwtvvth
ffwtalwfft
1214803176
623699519
avpthawphr
drafpwrpwl
1884803157
dvhtflaptv
144391858
ahwrhdhdpw
dlhwftlarw
1843228782
1733680147
aahlphvfaa
ldwwpdvrl
twtawplla
1641090290
avlpdhtrww
dvrthrwtdf
ahvprlvwvl
1797125889
flvftaptv
801246507
238412682
487327740
1486273405
ardftrpphl
dhahrlarap
awrfrfrlhr
648496148
171973102
1243059182
dfplrvaflv
hflrvftpv
arrtavtlrp
hawdhthlp
1416207311
1969954733
545219368
ddvapwhrlv
976360176
648279143
176163679
ddwfwtdald
1699609695
frdlvffh
1945777500
ddpvprwhhf
avrdwfwhp
1181191654
aapvprlwht
dpvhtwphfh
ddhhrhhrrw
318999771
1580638028
dlavwflpph
1755187117
drvhtahhvl
fpaaltvlp
279006475
1341431704
446250593
635333657
fdwtllwvar
1082139968
datrpflhar
fhtdflwhha
ddptrwdwrl
132768568
356389366
1762619403
aafrhfdrwl
aprartltha
vptrpvpf
fdhrhtrhfr
1359698786
1700657427
126266699
lrtltfafw
dwwwfaavtv
1376945714
794723647
dlhftfhhfl
442979544
372568847
1746532320
apdaalallr
dafdvfafar
vtdwfddvw
1957871454
dwrlwhtpf
awfftwfhhw
ffwrdwddfd
250582753
aflhdfatwd
1244941415
dlwwvpwlrv
axyqfkrroj
fhxorjjjxa
aqrkfjrxkk
fyqxrkrajo
rroqoao
298032430
afqfxhqhao
faxffjfayh
fkojfkxx
1110782107
foayxykraf
foqfkraaof
1361856236
1839089119
qfroqfqfq
259234698
fkoaxrhaa
390423266
fxohkjaqhy
388868598
1724935628
880640602
frojkjkxxr
144987751
375934484
ykojyhkfq
1781241608
axharafaqa
278394306
ahqhaykfaq
1414722236
aoqaxkkaqy
fkfhfryooj
akfyooqook
qoyqfojr
1934328930
akkaojjqhf
aoxkykxqxy
400936373
fhqrrjhyhq
1383748740
848344603
jkrqaorak
1164796575
ajyqjkrffy
aofxxrkaar
1557007563
hohqafoqx
aaqjfkxrfy
475433729
1199312338
1278660912
98000986
1700390766
fffokjqhff
241541922
794322130
1461640104
61511447
656437762
144588578
afqfhkarfo
aarkkarrkk
jxakyyykx
qyforkxjo
rarafkyyx
fkhyjqkxx
fxhqyorxay
1010093279
1531402548
fkrqxrxohx
aarayxokj
aaxqhxafoj
1138346369
1680464205
1706683272
akkkjxyhhj
ajhkahoqrx
119058580
fhjjjrfkfk
fhqfqjffar
ahjxkofajq
726340988
aaykfafjfo
47184546
1956788275
691155436
fqxxjjofkf
653235071
ffjyqroxyj
faarfxqryo
ffkrxfoajx
1963405395
688232002
1082632362
ahkkakjjfr
fhaaoxjoxo
jrhyhkkjy
hxykyxhh
fxqfxokooo
qdsddqqsqttvtt
dsttvqqssvqqvt
dqtqsqvssqsqvq
1869635897
1303931784
705838782
1673031122
qvdtsvdqtvtsts
109853378
dqqdsvdqvqsdsd
dsqvdtqvddtq
svdddsddqvsdsv
1271739686
dqvtsdttttvsq
ddddtddqqddqss
674679356
qvtvqvdtttsdst
dqdqvtqvqddtvt
649405912
1520440846
1962181143
ddsvddstqddq
1622327825
1931852827
645695497
vdtsqdqvtqsds
qqqsqdstddqvts
dstsqdddddqdss
225571775
1131952990
dsvtvttqvssqd
dsddqttsvddtvs
270107293
1390448378
48656876
qtstqqvstsqqt
409244877
1131077488
dqsvqsdqvqvdd
256900877
346703271
qvttsvqqdqsdds
643515155
1802370711
629390506
572898134
317571788
381756644
8918877
qtddqqdqtqtqdq
317382280
1466515133
dstddssqsqvqdd
qqtsvsqvssqtsd
768399408
1446361899
1509756692
824564196
tqvddstdtstvq
370771213
93546925
892781733
sttqddsqstqvds
tqsstqqqsqdst
10707208
1338457639
1336184248
211165887
dststqqtsqvtvq
ssvqstsqdstttq
779893936
svtdqstsqdddqs
qvqsdqdtdqvtdq
802735297
ttqsttsvqqss
qqttvsqdsqdqqv
ddqvdddtvqqdt
779418580
1116224582
1729782707
1268336518
615708560
1623671250
qdqtsqtsttvtsv
dsdsqtqqttqqtd
369935175
sttdtvsqqvsqvs
1778075007
1620820596
1967733933
566129097
dsvqvtdstsvsds
1841442828
546390840
171728833
tdqsqvsssddq
dssqdqstvqvs
1774506834
1526374055
1810438681
frjrfrfjjrjrrr
343329626
1096618233
79175848
61486417
1725299177
ffjfnojjrrfnj
1215884075
nnnffjrnrnnnon
1176592380
502089016
279932605
1716465473
ffjrrjrjnrrffnr
jrnnnnofjrjnr
jnnnofofnnrnj
1417859588
1077220564
ronfrrfnnjronn
nrofnfnfofjrr
frfojjjrnfffff
1426593972
191842773
nffrronrrfjrjj
nrojnrjronffj
1745462281
130092151
1249332768
1386164964
1772608384
1304759835
819813212
986276523
1493434101
145099865
695081830
ofjrnrrojffrff
frfnjjnfnnrffo
1037279043
342694325
1260505605
rjrnjfojfofonr
jrjjrfffjrrnnr
1044357382
ojrrjrnonfffrf
1830247818
rrffjnffrnrjnn
rnonnonnonrrf
39514273
592582600
1630701413
jfjnjrjrjjnrnj
fjrnnjjrjffnnn
jjffnonjrronfr
393445433
ffrjrrrffffojff
1630455195
fjrjjjnnnjfjff
ojfjrfojrnofoj
onffrjfnofojrj
onnojjffnnjjjn
rfrnjnfrrfro
ffffrnffnnfrjrj
1370581827
1319878354
1697236760
fnjrjfjfjnjnrj
1965370144
522559891
fffnnrrrojrojn
317231916
1113568293
1686732983
861358307
fnfnjffrrjfnnn
jrfojronfjnn
jnnfnofronjjro
1963935752
rnonrjfrnrnfrn
564271708
334896162
fnronrojnffnjn
fjfjrofofjronrj
1701093115
1906069314
rrrfjfnonjrrnj
ffnrfjjnjfofjfr
1013365733
417500441
1805643121
1683484571
ojnnjfnnfnrroj
nfrfrnrfnfonro
1734540650
762420457
jjjffnrjffojfr
680310169
ofrfjjrnfjnrnf
1952354607
nfjfjfrjfffrfn
bffbfznnznhzzb
fzhzhnhnzbbfzb
bhzhzfzznbnbf
1767695584
1334695162
bhffbhnnfffzhb
fbnzfzzbnhfzbn
bzbzhzhffhbbzn
1688572506
53651082
bffhbbbnbnfb
1069414495
590020154
nffhnzhznhhn
bnnnnfhnzbnnz
fbzbnhfzhzhbff
1892781979
bbbbnnnzzbnbf
128507182
1830989475
623768
273229727
1203033807
1845953201
bffbbnfzhznb
402503615
fbhfzznzhhnzzb
bnzzzhzbhzbhbn
bhznbfhzznhhhh
124543727
788017388
1732810937
ffznbnfbfzzhfh
51516297
1635373894
967333466
fhnnzbfhbfhnbh
fhnfzzhbbnzbn
fbfbzhnnzhfzbz
bfzfbnbbzbbznn
bfzznhfznzbhfz
1613357623
bbbznznhhhnnbn
1667375473
437826343
625128429
bnnnhnzzzbnnh
bhnfbzhffhfhfh
nhnzbnfzffhff
1365207640
127514222
fzfffhhhhhhfzz
1601673963
871427992
11943364
627384657
fbzhnhzbzfbbnb
bnfhznbbznzhbz
fhzzznhzfzbh
1073444660
933365547
1690580103
fbzhzbhfzhnbb
bbbhzhzzhbbnbb
hzbhbhhnzfbzn
931572313
fzfbfhhnhfzznz
1570003975
622798562
585543505
fhhnbnnnzzbbnz
557586114
1936121969
znzfbnhhzbbzf
88342604
1429289450
zfzzbnnznzbfh
316212066
40388700
1100428395
1966424411
fbznhhnnhffhnz
49763359
bhfhhbbhhfzn
bhzzbnffzfhnbf
fhhfhbnzhzzbbz
bbnnhbfffhnnhb
bfzfbnnhbzffzh
1288399700
407660733
130362077
bfhfzffhhzbzh
fhffbzbzbzbnnz
1968045488
1352431061
zbnznbhhbhzn
fzfbnfhnfbzhbh
bhhbffbzbbbzff
1522893101
698597584
hzriimimmzmimr
301778349
rimrmzzriihi
382204429
rhhmmiimhhmmz
1448521478
86159336
742633613
hmhhiimmhzii
rrrziirzmhhih
404242228
249693459
905463893
irhmzrhhihzzmm
ihhmzmhzmmzhmm
hrhiihzrhhrrzi
imzzmiizzmhzzz
635607194
zhzhhrmrirrmr
512767783
80162834
hmiizzihzmmzhm
92971605
1687747157
501824374
757102850
izhihmiimhmirh
rrhhzhmmrz
hmrzriiimzhirm
990227930
iihzhhmrzzhirm
ihzzhmirhhmzrz
hmrmrrzirmhmmz
hhiimmmzhrimmr
1714611766
hzrrmhzimiimmr
1214322455
62158288
288379955
924809925
rmzziimmirmrz
imzhiizmizmirr
663177954
immhmhmrmrrhi
hhhhirhmmzrrhi
imrzzimhzrzhii
mmziirrrrrrr
hhhzmirzzhzrzi
1923243777
62549322
rhmzimrihmmhm
iiiiizmizrihzz
475855134
ihriiimzizizzz
50133829
1334485619
ihmzihimihzmiz
87734226
47175807
hhizirhhhmihmm
1638091881
1447305299
iiihzrmiihmihr
1670802535
hzhimzzrzmir
155061742
1928942333
hmihizmzzmmimr
irmhhrrmirhhhh
1963152334
314204584
926756646
1156563524
irmhzmhiizmrzi
immmizrzrrzzrm
1506777637
249542200
hizmmzrmrrrmi
1851829021
403279596
1457190973
immihirmihih
36238925
500041179
871562733
rzhziimrmihmz
zzhzmrmiizzhh
1747709784
hrirrhiirzhhim
1477100824
hiizirrhmizrhh
1233865089
hmrirzzrhhhhmr
825802330
mhmmrihzzhmih
hmmiziimriihmi
ihiimrihzirzzm
4416248
imrzhrimmrrihi
1917552368
dmmmdmdmddmdddmddm
1627684
1582769
1087174
1207063
1399548
ddmdmmdmmmmddddmddmm
dmmmmdmdmmdmmdmmm
1231395
mmdmmdmmmmmddmmdmdmm
mddmdmdmdmdmdmmmmmdm
2054216
948086
1879773
1546490
955974
mddmmdddmmmmmmddddd
ddddmmmdmdddmmmdmdd
mddmmmddddmddmddmdm
1786181
1393492
662668
1918067
644918
1684520
ddmdmmdmmmddmmddmmd
mddmmmdmmddmddddmddd
557176
mmdddmdddmdmdddmddm
294758
mdmddmmmmmmmdmmddddd
561163
540623
mdmddmmmdmmddmdmdmdm
dmmmdmdmmdmmmddddddd
mddmmdddmdmddmmmmmmm
798864
885107
dddddmdmddmdmmmddmdm
mdmdmmmddmmdddmm
1644761
mddmdddmdmdmmmddmmdm
1796800
398783
mdmmdmmmdddmmdddmmdd
mmdmddmdddddddmddmd
1622750
mdmmdmddmmdmdmddmm
dmmdddddmmddmddmddm
1586787
mddmmmmmmmdddmmdmd
1442963
989087
728182
dmmmmmddmdddmddmmdmm
933905
1349669
1063051
1790610
dmmdmddmdmmmmmmmmmdd
1323924
mmmdmddddmmmdmdmd
271416
476168
dmddddmddddmddddm
mddmdmdmddddmddmmmdm
1789281
dddddddmdddmmmmmmmdd
dddmmmmdmddmdmmdmmdm
1186271
32500
dddmddmdmdmdmmdmmdd
1126385
mmmdmmdddddddmddddd
mdmdmdmmdmdddmmdmmmm
79470
dmdmddmmddmmdddmddmm
mmmddmdmmdmmdmmdmdm
902754
ddddmdmmddmdmdmdddmm
271210
dddmmdmmddddddddd
ddddmmmmdmddmdmmddm
mddmdmdmmdmmmdmddd
835259
1418668
ddmmmddmmmmmddddm
mmdddmddmddddmmdmm
mmdmddmmmmdddmmddmmm
607198
mdmddddmmmmdm
mmmmmmdddddmmdm
mmmddmdmmddmmmmmddm
mddddddmdmmmmdmdmddm
mdmddddmddddmddmd
dmdmmmddmdmmmddddddd
133666
1364052
390461
dmdmdmddmmdddmmmmmdm
qaidqaaiiddadiin
ddddidaaaaiiadaad
idqniidadddidni
iaddaididqaidninq
1811737790
460533971
aiiiadnidadddqqaa
1691540331
1465402194
75899154
ainiiddiainiaiaii
iadaaadnqaiainqqa
623365910
dddidnqadidadiadq
aaiadidnqqnidadn
660382736
1970075347
1653381880
733564990
aiidiiiddadniain
1140867169
dqadddnidqqniddqq
1211751574
dqaiidnqqnqadainq
1361638646
aiaddiddadqaiinq
dadadniniadaddiad
niiniaaiiidiniii
dqaaidqadaidddaia
5403707
iinqadadaidqqqni
737417657
1503664944
dadiidiinqaiddqni
363249199
876493127
1645332369
230613849
695239227
1046874590
iadiadnqnidaadddq
inidiadiiiidia
608082495
aiiiiiainiinqaddq
aidqnidqaadiaidai
925225117
1851301978
qaddiaadadqaadd
aadidiiadiiddniad
1733273080
292367938
1734551308
1964316137
77767669
1457115845
iaaiaadadaaiinia
qadaininqqqadad
addnidiidaidddada
1058802465
1284224885
dadddqadadadqnidi
189838534
nqqadqaddadnid
1283110277
ninqqaaaddiaiini
ddaiiaaidddqadnqq
1462410431
aaadqadiiaaddaddq
qniaaidinqniiia
1321589764
diniddddiiidnqnia
1538671160
dqaddaiidaddadnqa
1824983770
ddadaadiiidiiadi
diiiddqnidiaadiid
1826856226
1505305074
973299246
1164290544
aainqaddqadninidn
1218194748
1751523715
1936161626
ddnininiidadnq
addaaddinqqadaai
adniiadiniadiinqq
1167959993
811166198
dqaddddididniadin
aidadiddiddnqnqa
nqqnqqniiniidqaa
aiadaidqaiadiiaaa
aaiadiiidnqaadqqn
aaaiaiaiiaddidddi
aaaiidididaaadid
34837080
didqaadddqnqaaad
482290038
1245862476
1510764575
edetdadttdle
1112717842
etdaletyletyyt
1673291827
390452095
edaytedeeeydtd
1080504856
tayytltltdld
977200039
597026979
aydaltelelell
361517231
755205907
adaltdeyeaydee
eealltlelalte
1296268474
346867929
ldlayttyyyylt
eaytdedayydtlt
edeleeeaytyydt
557687611
762267380
1016331986
1517810118
1819286838
1673029115
1672688530
1533873653
leeltyleelee
eleyyllladaltd
633907445
eytldadadtyyy
1714255696
1247090753
116116384
yletteydeytte
838072203
dtylaydtday
970800909
1988251401
478087827
1795515175
509588412
eeeleyeyyyytel
tltlttldtdal
eeleetldeydadt
25829082
eadlelayydeeyt
601735333
944188680
altydlayyldalt
detltyetyeleee
dlayeltdtyeytt
1821632574
dadaytldledad
947023114
alaleedtadalda
ltltlldlalety
eeyylalttdteal
1932473426
eeydldtdetyeyy
eltltyyeeyylda
leeeeeleteetd
eeleyyttdelltd
1391080523
113535989
1744180237
leeyladlltld
eltteeylaltlt
ytyldtyyttytl
1196352541
eadeeteyyeleyd
1682425516
edaleeetydayyd
ealdadeeeytta
dtdalalelltytt
1461673573
leetltytyetd
30355496
ldeedtelalt
ytydeytlldlla
yeeltdtdeyeea
edeayeetadldt
adedtllldeelld
etyyldldaldayt
553402354
1255537159
1898279959
801879979
eaytdltdtlaye
1703682051
1434078060
269911295
dadldayteetta
yytttldlayey
1545510184
6622098
dlaydadteeaded
eayteltlayydte
aarpaatrrtrrg
125610269
gatartattrgya
garattrragprp
payrpgatpyagt
rrgpgaraytpt
ptggyrpgtagr
atgpparprtrgp
pprrrgaypagy
arrptrratgy
rprrtppgtpty
636512299
208255287
agrpggaaargpp
278618335
rratrpattrt
pttrtayttptg
1838706825
aargrprrgrpg
1725858266
ggyrtrtagrgga
880965806
agttprattrpa
gptrttgtypaar
ayrtartyptrgr
93072131
rptrrgttgar
atpgggptgratr
1219737391
attrrpptagtyt
1521105124
aggppgtppgtty
660909447
grtrrptpagptr
206215204
1073900125
yrtytgptpyrp
995015995
371896869
176577451
99016332
1001727688
794367191
ytypayypgagg
garatparagayr
763698872
ggrtpagtpgpaa
gggtrpyttrg
aytgytrpytaay
859560191
1878503314
pggrptrgatp
406054370
1518852779
gaatrrgytttgr
tyagpgprrraa
tyrrppgtrgta
1490557752
189366599
954845636
tptrpyypyypa
gyypprrrtttar
trtggyytaaya
grayrrgrrtyt
1895739046
grttgtttray
505329520
142341710
1340735720
pptrtyrgaayr
1534881062
typrparagrr
1703946927
rpayaartyy
aarrtarpppgpr
813516373
1990330823
613094138
514407622
gpprpgtprgttr
gatpggtptpagp
ggraaytggypgt
gtggyyytpgaa
raayaragytrp
1563743284
rtggttattptg
attpggratyrpy
412410010
agyypagtgtpyr
1887501375
gyytarrtyyr
1627741540
gyargyppprag
1669825343
89953470
arggagatgtr
agtyyaartatga
86115070
140988113
ppartrgtatpr
uuukkukkbbakkkbkk
822089838
1226148515
118102888
abkkbkbbbababkbbaba
akkkkukubbbaukbaubb
438678766
668031145
1049677780
babkubbkkkbkbbkku
1500779426
uukbakukkkubabkukk
708827010
963049995
1864339667
aubbbakuubabkbbbkb
1339710385
aaukuubkkubkuubauku
akbbabkbaukkbakkkba
aabaabkubbkubbbkukb
1253866927
1249843017
baabaukbbbbbaakb
38555846
1186655100
bbbkkuuuubbbbbku
kbabaakubaubkkkukb
kbkuuukukbkkubk
854730596
ubkbakuubbkkbaukku
bbakbaakkuukukbku
1243622265
792652436
aaubabkbaubakukbaau
461340864
bkkbkkuubaakkuku
271783928
kkbaubbkkkuuukub
aaubkbbaukkbaauukbk
bbbbbkkukubkbkbbku
ukukkuukukkkkbbbku
akuuuukubbaaaaabkk
uubakbkkuukkkkkbk
kukuukbaabaaauubau
abaabakkbkkbaabkbau
baaukkkbkukbbbbaba
bbkkbbakkbkkbabkub
1050836304
1914256294
324939952
aakuukbaaukbaaabkuk
bbauuukubkukubbbaa
akubbabkukkkubbaukb
169118256
aakbbkkkbkkkuuuukba
148157388
aaubbbbkkuuukbbkuuk
kbaaubbaubbaukukkk
1686283706
78740983
1662039892
1819014560
1368958298
1674695251
1538558598
ubaaaaukukkbkkkkkb
aaakbkbaakkuubkkkuk
1894758970
1254990958
abkkkbkbabkukubbaak
uuukbkuukbaubkkb
1818633298
240300432
ababkbkkkukbkukbbau
1740937165
akkkbaaukbkkkkbaak
1402770362
auukuukkubkkubbbaa
548724219
1852056632
aubaukkubbkkbbau
729039601
abakuubkbbkbaaak
ubbbbkkkubbbaukku
abakukuuuuuubbaubb
abaukbakuubaaaubbak
382673875
1308783919
143642287
235576313
uuubbbaaaubbbkkb
ukkbbbakubakukbbab
bbbbbaaubkbaubkku
akkukkkkuubkkbakkb
1979337386
455417915
ubkuubabaukbakbb
1656126548
kkkbkukukbkkkkub
1253243040
ojwwwwwwowjwowwojwoj
owwwojwooowooojwwooj
jjwojwwjjwooowwowjw
jwowjwwwoowwjwjwojwo
162946324
155537705
75096397
ojwowjwowwjjwwowwwww
oojwwowwoowwwwjjwoj
1914536
wowojwojwowowwooooj
81048754
owwwwoooojwwwwoojwj
wwojwoowjwooojwjwj
ooojwwowowjwwwjwwowo
150042661
wwwjjwwowjwoojwwjwoo
wjwwjjwjwowoojwwwow
70964424
84707994
165880773
147738041
181988536
56822783
oooowwwwwjwooowjwwwj
jwwowoojwwwwowwojwwo
wwjwwwwwwooowwoojww
39672960
oojwjjwjjwwwjwowwwo
wjjwwwoowwowwwooowwo
jwwwwwjjwwwowoowowjj
28828190
wwowwjwooooowoowowwo
143038304
jwwowoowwowjwwowojw
150610683
46633673
52971654
133600450
oowoojwwowowwjwwjjw
ojwwoooojwowwwjwww
ooojwwoowoowjjwwwwo
jwwjwwjwwoojwwooojwj
71986609
owoojwwooowwoowoooow
jjwwwwojwwoooowjwooj
wowoowowooowjjwwjjwo
56585345
wowoooowoowoooojwj
55704395
167349786
5389745
jwjjwoowwowoowowww
77862080
oooojwwwooooooowooow
oojwwwowwwooowojwowj
wjjwjwoooooowwwjwwow
jjwwwowowwoowoowojwo
jwowojwwowwwowjwwj
jjwwwjwooowwwwowwww
wwwowwwwjwwjjwwwwow
jwjwooooooowwooowwww
jjwojwjwwjwooowowoww
owwwwjwwjwjwjjwoowww
oojwooooooowjwwowoj
20952686
9289628
ooowjwwowwwwowwowooj
owojwjwwjwwwwjjwowo
jwowjwwjwwwwwjwjwow
oowwjwwjwwoowojwwjjw
jwwwwwwwwwwowjjwwwjj
38983285
33520536
wooowoowoowowwwowjwo
woojwooowjwjwjwoowoo
owojwoowwoojwjjwoo
wooowjwjjwojwowoowo
126687900
15131895
wowoowojwoowoowwwowj
80623150
oowjwwwoowowoojwwwwo
owwjwowwwoowoojwojwj
179846570
90278062
10869879
154117165
150655473
4540266
jwwwowwjjwowoojwooww
24035048
jwwjwoowwowwoojwwj
woowojwjwoowoojwjww
ojwowwowjwwwojwojwjw
169567695
181793565
22952546
owowowwjwwoowjjwwoow
owjwwjjwooowwwowwoo
mrnmrmrnmnmnmrnmrnmr
5
rmrmnmnmrnmnmrmnmn
51346
73357
34106
22421
nmnmrnmnmnmrnmnmrnmn
65421
rmrmnmnmrnmrnmrnmnmr
1733
72011
rnmrmrnmrmrnmrmn
rmrnmrnmnmnmnmrnmnmn
mrmrmrmnmnm
16488
rnmnmrmrnmrmrmrmrm
10343
65641
mrnmnmrmnmnmnmnmrmnm
30483
13063
52240
59557
72310
rnmrnmnmrnmrmnmrmn
mnmnmrnmrmnmrnmrnmr
54215
nmnmnmnmrmnmrnmrmn
40180
33390
68924
13206
rmnmrmrnmnmnmnmrnmr
rmrnmrmrmrnmnmrnmrnm
15124
29270
rmnmnmrmnmrnmrmrn
11697
40980
24349
mnmrnmnmnmnmrmrmrn
33253
44894
rmnmnmrnmnmrmrmrmn
nmrmrmrmnmrmr
nmrnmrmrnmrmrmrmrnmr
rmnmrmnmrmrnmnmnmnmn
nmrnmnmrmnmnmrmnmr
rmrmnmrmnmrnmnmnmn
60893
rmrmrnmrmrmrnmrmr
nmrmrmnmrnmrmnmrmrm
nmnmrmrnmrmnmrmn
35541
47485
rnmnmnmnmrnmrnmrn
23102
36686
rmrnmrmrnmrmnmnmrnm
45752
58119
rmrmnmnmrmrmnmrnmrnm
mnmnmrmnmrnmnmrmrn
rnmrmnmnmrmnmrmrnmrn
mrnmrmrnmnmrmnmnmn
rnmrnmrnmrnmrmrnmr
rnmnmnmrnmrmnmnmrmrm
12284
rmrnmnmrmnmrmrnmrnmn
13200
mnmnmnmrmrmrmnm
nmnmrmrnmnmrnmrmnmr
20856
19450
37094
mnmnmnmnmrmnmrmrnmnm
nmrmrmrmrmrmrnmnmnm
rmrnmrnmrmnmrnmnmrmn
nmnmrmrmrnmrmrmrmrn
nmnmrnmrmnmrnmrmrmr
70329
mnmrmrnmrmrmnmnmnmnm
60476
rnmrnmrnmrmnmrmrnmnm
mrmrnmrnmrnmrnm
73575
16393
59813
rnmnmnmrmrnmrmnmrmnm
39482
nmrmrmrnmnmnmrnm
68446
47345
nmrmrmrmrmnmrmrnmr
mrmnmnmrnmrnmnmrnmnm
rnmrmrmrmrmnmnmnm
39741
nmnmrmrmrmnmrnmnmnmn
6598
ggxgxggx
1764
1136
gxgxgxggxgxgxgxgxgg
1777
gxggxgxggxggxg
503
1456
ggxggxggxgxgxgxgxggx
ggxggxggxgxgg
1538
1483
xgxggxgxggxg
1093
xggxgxggxggxggx
551
786
934
ggxggxgxggxgxgxgxggx
1680
xgxgxgxgxggxgx
1783
xgxgxgxgxgxgxggxgg
xgxggxggxggxgxgxggxg
1636
1686
904
xgxggxggxggxgxgxggx
98
ggxgxgxgxggxggxggx
973
1421
xgxgxgxggxggxggxgxg
xggxggxgxgxgxgxgxg
gxgxgxggxgxgxggxgxgx
1466
xgxggxggxgxgxgxgx
gxggxggxggxgx
1469
gxgxggxgxgxgxgxgxgxg
gxggxggxgxgxgxgxgx
xgxgxggxg
1733
541
xgxgxgxgxgxggxggxggx
gxgxgxggxggxggxgx
700
xggxgxggxggxgxgxgxgx
14
ggxggxggxgxgxgxggx
ggxgxgxggxgg
1469
gxgxgxggxggxgxgxgxgg
ggxgxgxgxgxgxgxgxgg
434
xgxgxgxggxgxgxgxggxg
1255
xgxggxggxgxggxgxg
236
163
1438
1778
ggxgxgxggxggxgxggxgg
1028
xgxgxgxggxgxgxgxgxgg
964
gxgxgxggxggxgxggxggx
69
gxggxgxggxgxgxgg
gxgxggxgxgxggxgx
ggxgxggxgxgxgxgxgg
gxggxggxggxggx
698
1030
ggxgxgxgxgxggxgxgxg
ggxggxggxgxggxgxggx
ggxgxgxgxggxgxgx
30
962
1870
xggxgxggxgxggxggxgg
xgxggxggxggxggxgxgx
xgxgxgxgxgxgxggxgxg
1415
gxgxggxgxgxgxgx
1056
xg
1654
xgxgxgxggxggxgxgxgg
1173
xggxggxgxggxggxggxg
gxggxggxgxgxggxgx
827
xggxgxggxggxgxgxgxgx
ggxgxggxgxgxggxggxgg
1645
xgxggxggxgxgxggxggxg
49
xgxggxgxggxggxgx
xggxgxggxgxgxggxggxg
1618401199
972708186
488444431
nnnzlmlznlznlznzln
1658564597
297685588
203039961
nnzmllnlnlnnlnmnnz
769482825
1242444066
1420752422
lnnznnnzmlzmllnznn
996619476
461382399
lllnznnlzmnnnmnzl
1896898575
lllnznlllnnzlmlnz
102073266
1101984452
nmlzmlzlnmlnmnmnln
mlzllnnzllznlzmnnn
1292158969
1943535217
1731172412
mlmllnnnnzmnlnmnl
lnzllmllnlnlnlz
70096268
mlnnnznlmlnznlml
252959195
1855561078
1299185678
nllnnnznlnnmnlmllz
1422623486
nmnnnllmlnzmlnllln
55947095
1895153128
lzlnmlzlznznnmnl
nnmnzmlznllznnnznn
289486960
1784438198
1676088585
1120181562
zlnmnmlnlznlnlllm
mlmlnzlnnllnmnnlzn
mllzmlnzlllzlznnml
lllmlnnmlmlzmnmn
nlznlnzlzlznlmlnml
1119906311
nmllnlnlmllmlzlnn
30580000
96889853
mlnzmnlmlnnnlllnmn
llzmnmlzlzlnllzm
1863763192
944291514
lznllzmlzmnlnlz
627302515
mnznnlznnnnmnzmlln
nnlzlzllnnmnlnnllm
1128292570
nnznllnlnmllllzmnz
290038152
1601016569
1417509926
nnlnnmnnnmnznnlzml
llnmnnllnnzmnlmll
mlmlznnmnzlzlnnnll
739798775
134764320
nnlzllnznnlzlnzllm
mllzllllzmnnmlnmlm
nmnnnnznnmlllzlln
1772748669
nnlzlnnzlllznlnnml
mlznlmlllnlnmnzn
nlnlzmnznlnllznznl
mnnzmnznzlmllznnm
mnmlnnnlnmnmnmlzm
lzlnnnlzmlnllzn
nlzlzlzlmlzmnnnllz
1366927511
1864746688
118715852
mnlznlzllllzmnlnmn
nlnzlnnlllnmnzmlnl
1437271895
nnmnnnmnnnnnzmlnnm
397851718
nnmnnllmlnllzmlnzl
340411016
1561280806
lnnlzllnllzmnnmlln
299638719
nnmlnznznnlnnnlnll
znnmnnlnlnnnnnlnm
54081109
mlnmnlnzlmllzllnlm
nmnlllzlnnllnmllzn
1267092120
1538834464
