1
1 0 0
0 1 0
63 47 8 3 53 3 45 24 53 49 25 24 28 9 12 20 48 60 58 26 52 66 63 3 58 53 65 59 14 17 16 15
8 8 47 55 57 61 63 8 40 54 15 48 13 18 21 55 37 17 0 8 61 9 63 38 15 15 14 52 11 13 66 15
59 9 55 5 62 40 51 65 48 18 23 25 28 11 46 55 45 67 13 24 8 30 53 48 51 41 7 30 45 38 20 41 57 22 70 67 17 68
73 45 35 25 10 34 32 72 32 40 19 16 17 48 31 64 0 45 54 58 14 57 77 27 5 31 17 48 4 13 53 77 1 60 67 43
3 38 3 0 65 80 37 77 19 46 5 38 79 29 64 74 57 76 36 59 37 79 41 68 74 24 58 7 44 80 25 77 38 23 35 37 40 35 25 72 8 65 73 43
15 45 42 46 60 81 45 70 30 3 29 8 82 32 74 23 66 37 6 88 87 47 56 47 84 21 74 12 68 13 65 82 20 49 62 59 67 82 85 86
17 18 24 12 26 41 35 38 61 85 3 34 9 51 74 49 61 15 38 17 2 48 83 19 64 66 5 32 44 4 35 55 91 26 23 70 26 80 24 48
22 82 56 28 55 95 56 66 16 74 40 12 59 36 22 2 60 32 97 82 11 100 18 55 95 43 3 40 13 66 40 63 84 100 13 12 82
18 74 46 1 20 72 22 95 52 67 38 57 56 102 101 64 97 36 58 32 35 54 2 71 52 64 52 85 95 88 87 95 13 47 56 97 24 70 8 10 54
12 60 36 56 4 43 3 65 39 31 24 38 91 32 69 78 21 72 12 58 7 60 60 59 5 68 89 17 29 18 94 40 81 71 6 93 51 21
65 102 77 61 27 20 83 13 80 79 61 52 53 6 89 53 73 82 84 98 64 81 108 39 104 37 53 27 49 9 37 0 61 40 14 106 7 8 97 1 62 28
108 99 95 87 12 14 76 99 93 11 59 56 69 45 71 81 72 30 11 84 76 79 28 25 63 45 7 44 35 16 51 110 31 87 9 102 68
46 86 97 61 59 104 103 51 78 108 71 20 117 23 26 46 89 72 113 63 79 12 112 47 69 114 53 20 71 6 22 97 123 9 111 92 82 5 18 113 125
93 40 120 50 17 93 44 10 81 124 49 13 12 80 80 19 112 121 95 17 94 114 61 0 41 100 8 123 78 90 8 111 65 46 46 63 113 64 11 78 45
21 42 85 77 32 59 62 18 34 72 36 52 50 16 93 85 27 26 39 4 92 49 4 5 66 96 80 89 81 72 77 46 37 34 26 54 53 62 19 50 92 62 41 7 40 50 61 72 8 39 79 19 70 61 36 83 71 69 86 39 88 6 48 15 38 12 25 95 69 15
29988 1 0 0 0 0 0 0 0 0 0 0 0 0 0 0 0 0 0 0 0 0 0 0 0 0 0
0 0 0 0 0 0 0 0 0 0 0 0 0 0 0 0 0 0 0 0 0 0 0 0 0 0 0 0 0 0 0 0 0 0 0 0 0 0 0 0 0 0 0 0 0 0 0 0 0 0 0 0 0 0 0 0 0 0 0 0 0 0 0 0 0 0 0 0 0 0
14658 6961 11029 3598 2940 12877 1347 16012 6552 2964 11508 1658 13341 12873 5394 12538 15277 3320 13273 5732 13077 15529 8393 4063 15010 3331 7433 6670 5534 8310 1246 15617 11735 7657 11244 10472 4608 1176 9430 12859 4883 11183 8060 14085 14523 12924 5509 2370 14343 2357 10862 10321 8135 7754 7656 11356 12209 5427 3309 13596 6617 13666 16015 11716 13930 7539 13618 14366 2091 11194
0 1 0 0 0 0 0 0 0 0 0 0 0 0 0 0 0 0 0 0 0 0 0 0 0 0
730 484 899 325 462 350 591 545 438 647 673 476 851 696 341 171 982 147 135 895 100 832 527 205 355 121
